Nov 02, 2021 1:22:38 PM com.CampusServer <init>
INFO: Initializing Server ...
Nov 02, 2021 1:22:38 PM com.CampusServer <init>
INFO: Server: WST initialization success.
Nov 02, 2021 1:22:38 PM com.CampusServer <init>
INFO: Server: WST port is : 30300
Nov 02, 2021 1:36:22 PM com.CampusServer createRoom
INFO: Server Log | Request: createRoom | AdminID: WSTA1234 | Room number: 211 | Date: 04/01/2020
Nov 02, 2021 1:36:22 PM com.CampusServer createRecord
INFO: Server Log | Room record RR00003 was created successfully
Nov 02, 2021 1:36:28 PM udp.UDPClient send
INFO: Server Log: | UDPClient Log | Initializing UDP Request.
Nov 02, 2021 1:36:28 PM udp.UDPClient send
INFO: Server Log: | UDPClient Log | UDP Packet Sent.
Nov 02, 2021 1:36:28 PM udp.UDPClient send
INFO: Server Log: | UDPClient Log | UDP Reply Received.
Nov 02, 2021 1:36:28 PM udp.UDPClient send
INFO: Server Log: | UDPClient Log | UDP Request Completed. Connection Terminated.
Nov 02, 2021 1:36:40 PM com.CampusServer createRoom
INFO: Server Log | Request: createRoom | AdminID: WSTA1234 | Room number: 211 | Date: 04/01/2020
Nov 02, 2021 1:36:40 PM com.CampusServer updateRecord
INFO: Server Log | Room record RR00003 was already created. It was updated successfully
